<?xml version="1.0" encoding="UTF-8"?>
<!-- Generated by org.testng.reporters.JUnitReportReporter -->
<testsuite skipped="0" hostname="LAPTOP-EUTQRU8P" name="test_Cases.Dashboard_Page" tests="1" failures="0" timestamp="2024-02-20T18:16:25 IST" time="3.880" errors="0">
  <testcase name="VerifyEmployeesLeaveRequest" time="3.880" classname="test_Cases.Dashboard_Page"/>
  <system-out/>
</testsuite> <!-- test_Cases.Dashboard_Page -->
