<?xml version="1.0" encoding="UTF-8"?>
<!-- Generated by org.testng.reporters.JUnitReportReporter -->
<testsuite skipped="0" hostname="LAPTOP-EUTQRU8P" name="test_Cases.Admin_Page" tests="1" failures="0" timestamp="2024-02-20T18:16:25 IST" time="1.959" errors="0">
  <testcase name="VerifyResults" time="1.959" classname="test_Cases.Admin_Page"/>
  <system-out/>
</testsuite> <!-- test_Cases.Admin_Page -->
