<?xml version="1.0" encoding="UTF-8"?>
<!-- Generated by org.testng.reporters.JUnitReportReporter -->
<testsuite skipped="0" hostname="LAPTOP-EUTQRU8P" name="testCase.Logout_Website" tests="1" failures="0" timestamp="2024-02-20T21:27:28 IST" time="1.196" errors="0">
  <testcase name="Logout_Site" time="1.196" classname="testCase.Logout_Website"/>
  <system-out/>
</testsuite> <!-- testCase.Logout_Website -->
